<?xml version="1.0" encoding="UTF-8"?>
<!-- Generated by org.testng.reporters.JUnitReportReporter -->
<testsuite hostname="LAPTOP-GT3N9K6P" failures="0" tests="5" name="spotify.oauth2.tests.PlaylistTests" time="8.324" errors="0" timestamp="2024-07-22T21:33:33 IST" skipped="0">
  <testcase classname="spotify.oauth2.tests.PlaylistTests" name="getPlaylist" time="0.840"/>
  <testcase classname="spotify.oauth2.tests.PlaylistTests" name="shouldnotBeAbleToCreatePlaylistwithExpiredToken" time="0.292"/>
  <testcase classname="spotify.oauth2.tests.PlaylistTests" name="CreatePlaylist" time="6.466"/>
  <testcase classname="spotify.oauth2.tests.PlaylistTests" name="shouldnotBeAbleToCreatePlaylist" time="0.316"/>
  <testcase classname="spotify.oauth2.tests.PlaylistTests" name="updatePlaylist" time="0.410"/>
</testsuite> <!-- spotify.oauth2.tests.PlaylistTests -->
